<?xml version="1.0" encoding="UTF-8"?>
<!-- Generated by org.testng.reporters.JUnitReportReporter -->
<testsuite hostname="DESKTOP-GOCQ91T" failures="0" tests="2" name="LoginLogoutTest.LoginLogoutCSV" time="44.137" errors="0" timestamp="2026-01-13T21:02:52 ICT" skipped="0">
  <testcase classname="LoginLogoutTest.LoginLogoutCSV" name="loginTest" time="22.243">
    <system-out>
      <![CDATA[Test data:
Username = Admin
Password = wrongpass
Expected = failure
RESULT: PASS – Invalid credentials displayed]]>
    </system-out>
  </testcase> <!-- loginTest -->
  <testcase classname="LoginLogoutTest.LoginLogoutCSV" name="loginTest" time="21.894">
    <system-out>
      <![CDATA[Test data:
Username = Admin
Password = admin123
Expected = success
RESULT: PASS – Login success]]>
    </system-out>
  </testcase> <!-- loginTest -->
  <system-out>
    <![CDATA[Browser = edge
URL = https://opensource-demo.orangehrmlive.com
====================================
START TEST CASE: Login Test
Test data:
Username = Admin
Password = admin123
Expected = success
RESULT: PASS – Login success
END TEST CASE
====================================
Browser = edge
URL = https://opensource-demo.orangehrmlive.com
====================================
START TEST CASE: Login Test
Test data:
Username = Admin
Password = wrongpass
Expected = failure
RESULT: PASS – Invalid credentials displayed
END TEST CASE
====================================
Browser = edge
URL = https://opensource-demo.orangehrmlive.com
====================================
START TEST CASE: Login Test
Test data:
Username = Admin
Password = admin123
Expected = success
END TEST CASE
====================================
Browser = edge
URL = https://opensource-demo.orangehrmlive.com
====================================
START TEST CASE: Login Test
Test data:
Username = Admin
Password = wrongpass
Expected = failure
RESULT: PASS – Invalid credentials displayed
END TEST CASE
====================================
====================================
START TEST CASE: Reset Password Test
STEP 1: Click 'Forgot your password?'
STEP 2: Input username = Admin
STEP 3: Click Reset Password button
STEP 4: Verify reset password success message
✅ PASS – Reset password success message displayed
STEP 5: Back to Login page
STEP 6: Login with valid credentials
✅ PASS – Login successful after reset password
END TEST CASE
====================================
====================================
START TEST CASE: PIM Add Employee
STEP 1: Login
✅ Login success
STEP 2: Open PIM module
STEP 3: Click Add Employee
END TEST CASE
====================================]]>
  </system-out>
</testsuite> <!-- LoginLogoutTest.LoginLogoutCSV -->
