<?xml version="1.0" encoding="UTF-8"?>
<!-- Generated by org.testng.reporters.JUnitReportReporter -->
<testsuite hostname="DESKTOP-GOCQ91T" failures="0" tests="2" name="LoginLogoutTest.LoginLogoutXLSX" time="51.628" errors="1" timestamp="2026-01-13T21:02:52 ICT" skipped="0">
  <testcase classname="LoginLogoutTest.LoginLogoutXLSX" name="loginTest" time="32.876">
    <error message="Expected condition failed: waiting for visibility of element located by By.xpath: //h6[text()=&#039;Dashboard&#039;] (tried for 10 second(s) with 500 milliseconds interval)
Build info: version: &#039;4.38.0&#039;, revision: &#039;6b412e825c*&#039;
System info: os.name: &#039;Windows 10&#039;, os.arch: &#039;amd64&#039;, os.version: &#039;10.0&#039;, java.version: &#039;17.0.0.1&#039;
Driver info: org.openqa.selenium.edge.EdgeDriver
Capabilities {acceptInsecureCerts: false, browserName: MicrosoftEdge, browserVersion: 143.0.3650.139, fedcm:accounts: true, goog:processID: 11428, ms:edgeOptions: {debuggerAddress: localhost:61478}, msedge: {msedgedriverVersion: 143.0.3650.139 (30ed6d0ef65..., userDataDir: C:\Users\ADMIN\AppData\Loca...}, networkConnectionEnabled: false, pageLoadStrategy: normal, platformName: windows, proxy: Proxy(), se:cdp: ws://localhost:61478/devtoo..., se:cdpVersion: 143.0.3650.139, setWindowRect: true, strictFileInteractability: false, timeouts: {implicit: 0, pageLoad: 300000, script: 30000}, unhandledPromptBehavior: dismiss and notify, webauthn:extension:credBlob: true, webauthn:extension:largeBlob: true, webauthn:extension:minPinLength: true, webauthn:extension:prf: true, webauthn:virtualAuthenticators: true}
Session ID: 78c79ed6af8514c0e0b72d8099a36951" type="org.openqa.selenium.TimeoutException">
      <![CDATA[org.openqa.selenium.TimeoutException: Expected condition failed: waiting for visibility of element located by By.xpath: //h6[text()='Dashboard'] (tried for 10 second(s) with 500 milliseconds interval)
Build info: version: '4.38.0', revision: '6b412e825c*'
System info: os.name: 'Windows 10', os.arch: 'amd64', os.version: '10.0', java.version: '17.0.0.1'
Driver info: org.openqa.selenium.edge.EdgeDriver
Capabilities {acceptInsecureCerts: false, browserName: MicrosoftEdge, browserVersion: 143.0.3650.139, fedcm:accounts: true, goog:processID: 11428, ms:edgeOptions: {debuggerAddress: localhost:61478}, msedge: {msedgedriverVersion: 143.0.3650.139 (30ed6d0ef65..., userDataDir: C:\Users\ADMIN\AppData\Loca...}, networkConnectionEnabled: false, pageLoadStrategy: normal, platformName: windows, proxy: Proxy(), se:cdp: ws://localhost:61478/devtoo..., se:cdpVersion: 143.0.3650.139, setWindowRect: true, strictFileInteractability: false, timeouts: {implicit: 0, pageLoad: 300000, script: 30000}, unhandledPromptBehavior: dismiss and notify, webauthn:extension:credBlob: true, webauthn:extension:largeBlob: true, webauthn:extension:minPinLength: true, webauthn:extension:prf: true, webauthn:virtualAuthenticators: true}
Session ID: 78c79ed6af8514c0e0b72d8099a36951
at org.openqa.selenium.support.ui.WebDriverWait.timeoutException(WebDriverWait.java:84)
at org.openqa.selenium.support.ui.FluentWait.until(FluentWait.java:228)
at LoginLogoutTest.LoginLogoutXLSX.loginTest(LoginLogoutXLSX.java:54)
at java.base/jdk.internal.reflect.NativeMethodAccessorImpl.invoke0(Native Method)
at java.base/jdk.internal.reflect.NativeMethodAccessorImpl.invoke(NativeMethodAccessorImpl.java:77)
at java.base/jdk.internal.reflect.DelegatingMethodAccessorImpl.invoke(DelegatingMethodAccessorImpl.java:43)
at java.base/java.lang.reflect.Method.invoke(Method.java:568)
at org.testng.internal.invokers.MethodInvocationHelper.invokeMethod(MethodInvocationHelper.java:141)
at org.testng.internal.invokers.TestInvoker.invokeMethod(TestInvoker.java:687)
at org.testng.internal.invokers.TestInvoker.invokeTestMethod(TestInvoker.java:230)
at org.testng.internal.invokers.MethodRunner.runInSequence(MethodRunner.java:63)
at org.testng.internal.invokers.TestInvoker$MethodInvocationAgent.invoke(TestInvoker.java:995)
at org.testng.internal.invokers.TestInvoker.invokeTestMethods(TestInvoker.java:203)
at org.testng.internal.invokers.TestMethodWorker.invokeTestMethods(TestMethodWorker.java:154)
at org.testng.internal.invokers.TestMethodWorker.run(TestMethodWorker.java:134)
at java.base/java.util.ArrayList.forEach(ArrayList.java:1511)
at org.testng.TestRunner.privateRun(TestRunner.java:741)
at org.testng.TestRunner.run(TestRunner.java:616)
at org.testng.SuiteRunner.runTest(SuiteRunner.java:421)
at org.testng.SuiteRunner.runSequentially(SuiteRunner.java:413)
at org.testng.SuiteRunner.privateRun(SuiteRunner.java:373)
at org.testng.SuiteRunner.run(SuiteRunner.java:312)
at org.testng.SuiteRunnerWorker.runSuite(SuiteRunnerWorker.java:52)
at org.testng.SuiteRunnerWorker.run(SuiteRunnerWorker.java:95)
at org.testng.TestNG.runSuitesSequentially(TestNG.java:1274)
at org.testng.TestNG.runSuitesLocally(TestNG.java:1208)
at org.testng.TestNG.runSuites(TestNG.java:1112)
at org.testng.TestNG.run(TestNG.java:1079)
at org.testng.remote.AbstractRemoteTestNG.run(AbstractRemoteTestNG.java:115)
at org.testng.remote.RemoteTestNG.initAndRun(RemoteTestNG.java:293)
at org.testng.remote.RemoteTestNG.main(RemoteTestNG.java:91)
]]>
    </error>
    <system-out>
      <![CDATA[Test data:
Username = Admin
Password = admin123
Expected = success]]>
    </system-out>
  </testcase> <!-- loginTest -->
  <testcase classname="LoginLogoutTest.LoginLogoutXLSX" name="loginTest" time="18.752">
    <system-out>
      <![CDATA[Test data:
Username = Admin
Password = wrongpass
Expected = failure
RESULT: PASS – Invalid credentials displayed]]>
    </system-out>
  </testcase> <!-- loginTest -->
  <system-out>
    <![CDATA[Browser = edge
URL = https://opensource-demo.orangehrmlive.com
====================================
START TEST CASE: Login Test
Test data:
Username = Admin
Password = admin123
Expected = success
RESULT: PASS – Login success
END TEST CASE
====================================
Browser = edge
URL = https://opensource-demo.orangehrmlive.com
====================================
START TEST CASE: Login Test
Test data:
Username = Admin
Password = wrongpass
Expected = failure
RESULT: PASS – Invalid credentials displayed
END TEST CASE
====================================
Browser = edge
URL = https://opensource-demo.orangehrmlive.com
====================================
START TEST CASE: Login Test
Test data:
Username = Admin
Password = admin123
Expected = success
END TEST CASE
====================================
Browser = edge
URL = https://opensource-demo.orangehrmlive.com
====================================
START TEST CASE: Login Test
Test data:
Username = Admin
Password = wrongpass
Expected = failure
RESULT: PASS – Invalid credentials displayed
END TEST CASE
====================================
====================================
START TEST CASE: Reset Password Test
STEP 1: Click 'Forgot your password?'
STEP 2: Input username = Admin
STEP 3: Click Reset Password button
STEP 4: Verify reset password success message
✅ PASS – Reset password success message displayed
STEP 5: Back to Login page
STEP 6: Login with valid credentials
✅ PASS – Login successful after reset password
END TEST CASE
====================================
====================================
START TEST CASE: PIM Add Employee
STEP 1: Login
✅ Login success
STEP 2: Open PIM module
STEP 3: Click Add Employee
END TEST CASE
====================================]]>
  </system-out>
</testsuite> <!-- LoginLogoutTest.LoginLogoutXLSX -->
