<?xml version="1.0" encoding="UTF-8"?>
<!-- Generated by org.testng.reporters.JUnitXMLReporter -->
<testsuite ignored="0" hostname="DESKTOP-GOCQ91T" failures="1" tests="1" name="PIM Test" time="0.575" errors="0" timestamp="2026-01-15T20:42:22 ICT">
  <testcase classname="PIM.PIMTest" name="addEmployeeAndAttachmentSuccess" time="0.0">
    <failure type="java.lang.RuntimeException" message="java.io.IOException: Sheet Name **NOT** found PIM">
      <![CDATA[java.lang.RuntimeException: java.io.IOException: Sheet Name **NOT** found PIM
at java.base/java.util.ArrayList.forEach(ArrayList.java:1511)
Caused by: java.io.IOException: Sheet Name **NOT** found PIM
at DataHanding.DataReader.getExcelDataUsingPoi(DataReader.java:100)
at PIM.PIMTest.dp(PIMTest.java:150)
... 25 more
... Removed 32 stack frames]]>
    </failure>
  </testcase> <!-- addEmployeeAndAttachmentSuccess -->
</testsuite> <!-- PIM Test -->
