<?xml version="1.0" encoding="UTF-8"?>
<!-- Generated by org.testng.reporters.JUnitXMLReporter -->
<testsuite ignored="0" hostname="DESKTOP-GOCQ91T" failures="1" tests="1" name="PIM Test" time="44.014" errors="0" timestamp="2026-01-13T21:02:52 ICT">
  <testcase classname="PIM.PIMTest" name="addEmployeeAndAttachmentSuccess" time="33.205">
    <failure type="org.openqa.selenium.TimeoutException" message="Expected condition failed: waiting for element to be clickable: By.xpath: //div[@class=&amp;apos;orangehrm-header-container&amp;apos;]//button[.//text()=&amp;apos;Add&amp;apos;] (tried for 15 second(s) with 500 milliseconds interval)
Build info: version: &amp;apos;4.38.0&amp;apos;, revision: &amp;apos;6b412e825c*&amp;apos;
System info: os.name: &amp;apos;Windows 10&amp;apos;, os.arch: &amp;apos;amd64&amp;apos;, os.version: &amp;apos;10.0&amp;apos;, java.version: &amp;apos;17.0.0.1&amp;apos;
Driver info: org.openqa.selenium.edge.EdgeDriver
Capabilities {acceptInsecureCerts: false, browserName: MicrosoftEdge, browserVersion: 143.0.3650.139, fedcm:accounts: true, goog:processID: 25124, ms:edgeOptions: {debuggerAddress: localhost:63839}, msedge: {msedgedriverVersion: 143.0.3650.139 (30ed6d0ef65..., userDataDir: C:\Users\ADMIN\AppData\Loca...}, networkConnectionEnabled: false, pageLoadStrategy: normal, platformName: windows, proxy: Proxy(), se:cdp: ws://localhost:63839/devtoo..., se:cdpVersion: 143.0.3650.139, setWindowRect: true, strictFileInteractability: false, timeouts: {implicit: 0, pageLoad: 300000, script: 30000}, unhandledPromptBehavior: dismiss and notify, webauthn:extension:credBlob: true, webauthn:extension:largeBlob: true, webauthn:extension:minPinLength: true, webauthn:extension:prf: true, webauthn:virtualAuthenticators: true}
Session ID: aed3362bfba31f0017661cf535135356">
      <![CDATA[org.openqa.selenium.TimeoutException: Expected condition failed: waiting for element to be clickable: By.xpath: //div[@class='orangehrm-header-container']//button[.//text()='Add'] (tried for 15 second(s) with 500 milliseconds interval)
Build info: version: '4.38.0', revision: '6b412e825c*'
System info: os.name: 'Windows 10', os.arch: 'amd64', os.version: '10.0', java.version: '17.0.0.1'
Driver info: org.openqa.selenium.edge.EdgeDriver
Capabilities {acceptInsecureCerts: false, browserName: MicrosoftEdge, browserVersion: 143.0.3650.139, fedcm:accounts: true, goog:processID: 25124, ms:edgeOptions: {debuggerAddress: localhost:63839}, msedge: {msedgedriverVersion: 143.0.3650.139 (30ed6d0ef65..., userDataDir: C:\Users\ADMIN\AppData\Loca...}, networkConnectionEnabled: false, pageLoadStrategy: normal, platformName: windows, proxy: Proxy(), se:cdp: ws://localhost:63839/devtoo..., se:cdpVersion: 143.0.3650.139, setWindowRect: true, strictFileInteractability: false, timeouts: {implicit: 0, pageLoad: 300000, script: 30000}, unhandledPromptBehavior: dismiss and notify, webauthn:extension:credBlob: true, webauthn:extension:largeBlob: true, webauthn:extension:minPinLength: true, webauthn:extension:prf: true, webauthn:virtualAuthenticators: true}
Session ID: aed3362bfba31f0017661cf535135356
at org.openqa.selenium.support.ui.WebDriverWait.timeoutException(WebDriverWait.java:84)
at org.openqa.selenium.support.ui.FluentWait.until(FluentWait.java:228)
at PIM.PIMTest.addEmployeeAndAttachmentSuccess(PIMTest.java:66)
at java.base/java.util.ArrayList.forEach(ArrayList.java:1511)
... Removed 27 stack frames]]>
    </failure>
  </testcase> <!-- addEmployeeAndAttachmentSuccess -->
</testsuite> <!-- PIM Test -->
