<?xml version="1.0" encoding="UTF-8"?>
<!-- Generated by org.testng.reporters.JUnitReportReporter -->
<testsuite hostname="DESKTOP-GOCQ91T" failures="0" tests="2" name="TestNG.TestLogin" time="91.073" errors="0" timestamp="2025-11-27T16:30:41 ICT" skipped="0">
  <testcase classname="TestNG.TestLogin" name="validLogin" time="61.593">
    <system-out>
      <![CDATA[Dang nhap that bai]]>
    </system-out>
  </testcase> <!-- validLogin -->
  <testcase classname="TestNG.TestLogin" name="validLogin" time="29.480">
    <system-out>
      <![CDATA[Dang nhap that bai]]>
    </system-out>
  </testcase> <!-- validLogin -->
  <system-out>
    <![CDATA[Dang nhap that bai
Dang nhap that bai]]>
  </system-out>
</testsuite> <!-- TestNG.TestLogin -->
