<?xml version="1.0" encoding="UTF-8"?>
<!-- Generated by org.testng.reporters.JUnitReportReporter -->
<testsuite hostname="DESKTOP-GOCQ91T" failures="0" tests="2" name="TestNG.Demo_DataProvider" time="68.474" errors="0" timestamp="2025-11-18T08:30:31 ICT" skipped="0">
  <testcase classname="TestNG.Demo_DataProvider" name="validLogin" time="37.097">
    <system-out>
      <![CDATA[Dang nhap that bai]]>
    </system-out>
  </testcase> <!-- validLogin -->
  <testcase classname="TestNG.Demo_DataProvider" name="validLogin" time="31.377">
    <system-out>
      <![CDATA[Dang nhap that bai]]>
    </system-out>
  </testcase> <!-- validLogin -->
  <system-out>
    <![CDATA[Dang nhap that bai
Dang nhap that bai]]>
  </system-out>
</testsuite> <!-- TestNG.Demo_DataProvider -->
